Start testing: May 13 14:59 CEST
----------------------------------------------------------
Unable to find executable: MiniminiMotorways_TEST_NOT_BUILT
1/1 Testing: MiniminiMotorways_TEST_NOT_BUILT
1/1 Test: MiniminiMotorways_TEST_NOT_BUILT
Command: ""
Directory: /Users/jacopo/CLionProjects/MiniminiMotorways/test_build
"MiniminiMotorways_TEST_NOT_BUILT" start time: 
Output:
----------------------------------------------------------
<end of output>
Test time =   0.00 sec
----------------------------------------------------------
Test Passed.
"MiniminiMotorways_TEST_NOT_BUILT" end time: May 13 14:59 CEST
"MiniminiMotorways_TEST_NOT_BUILT" time elapsed: 00:00:00
----------------------------------------------------------

End testing: May 13 14:59 CEST
